<?xml version="1.0" encoding="UTF-8"?>
<!-- Generated by org.testng.reporters.JUnitReportReporter -->
<testsuite hostname="DELL" failures="0" tests="5" name="digi.DemoRegisterTwoDimenTest" time="102.049" errors="0" timestamp="2024-04-01T13:56:32 IST" skipped="0">
  <testcase classname="digi.DemoRegisterTwoDimenTest" name="reg" time="19.940">
    <system-out>
      <![CDATA[Register]]>
    </system-out>
  </testcase> <!-- reg -->
  <testcase classname="digi.DemoRegisterTwoDimenTest" name="reg" time="20.972">
    <system-out>
      <![CDATA[Register]]>
    </system-out>
  </testcase> <!-- reg -->
  <testcase classname="digi.DemoRegisterTwoDimenTest" name="reg" time="21.004">
    <system-out>
      <![CDATA[Register]]>
    </system-out>
  </testcase> <!-- reg -->
  <testcase classname="digi.DemoRegisterTwoDimenTest" name="reg" time="20.017">
    <system-out>
      <![CDATA[Register]]>
    </system-out>
  </testcase> <!-- reg -->
  <testcase classname="digi.DemoRegisterTwoDimenTest" name="reg" time="20.116">
    <system-out>
      <![CDATA[Register]]>
    </system-out>
  </testcase> <!-- reg -->
  <system-out>
    <![CDATA[Register
Register
Register
Register
Register]]>
  </system-out>
</testsuite> <!-- digi.DemoRegisterTwoDimenTest -->
