<?xml version="1.0" encoding="UTF-8"?>
<!-- Generated by org.testng.reporters.JUnitReportReporter -->
<testsuite hostname="DELL" failures="0" tests="3" name="genericLibrary.BaseClass" time="0.023" errors="0" timestamp="2024-04-02T14:06:12 IST" skipped="0">
  <testcase classname="genericLibrary.BaseClass" name="test1" time="0.010">
    <system-out>
      <![CDATA[Test1]]>
    </system-out>
  </testcase> <!-- test1 -->
  <testcase classname="genericLibrary.BaseClass" name="test3" time="0.007">
    <system-out>
      <![CDATA[Test3]]>
    </system-out>
  </testcase> <!-- test3 -->
  <testcase classname="genericLibrary.BaseClass" name="test2" time="0.006">
    <system-out>
      <![CDATA[Test2]]>
    </system-out>
  </testcase> <!-- test2 -->
  <system-out>
    <![CDATA[After Suite
Before test
Before class
Before method
Before method1
Test1
After method
After method1
Before method
Before method1
Test2
After method
After method1
Before method
Before method1
Test3
After method
After method1
After test
After Suite]]>
  </system-out>
</testsuite> <!-- genericLibrary.BaseClass -->
