<?xml version="1.0" encoding="UTF-8"?>
<!-- Generated by org.testng.reporters.JUnitReportReporter -->
<testsuite hostname="DELL" failures="0" tests="8" name="testscripts.HomePageTest" time="27.143" errors="0" timestamp="2024-04-20T13:23:57 IST" skipped="0">
  <testcase classname="testscripts.HomePageTest" name="home_004" time="3.498"/>
  <testcase classname="testscripts.HomePageTest" name="home_004" time="3.384"/>
  <testcase classname="testscripts.HomePageTest" name="home_004" time="3.835"/>
  <testcase classname="testscripts.HomePageTest" name="home_004" time="3.699"/>
  <testcase classname="testscripts.HomePageTest" name="home_001" time="3.436"/>
  <testcase classname="testscripts.HomePageTest" name="home_004" time="3.459"/>
  <testcase classname="testscripts.HomePageTest" name="home_004" time="3.387"/>
  <testcase classname="testscripts.HomePageTest" name="home_003" time="2.445"/>
  <system-out>
    <![CDATA[database connection successfull
Before test
Browser Launched
Before method
After method
Before method
After method
Before method
After method
Before method
After method
Before method
After method
Before method
After method
Before method
After method
Before method
After method
Browser closed
After test
After Suite]]>
  </system-out>
</testsuite> <!-- testscripts.HomePageTest -->
