<?xml version="1.0" encoding="UTF-8"?>
<!-- Generated by org.testng.reporters.JUnitReportReporter -->
<testsuite hostname="DELL" failures="0" tests="2" name="digi.DataProvLoginTest" time="16.212" errors="0" timestamp="2024-04-02T13:06:33 IST" skipped="0">
  <testcase classname="digi.DataProvLoginTest" name="log" time="8.382"/>
  <testcase classname="digi.DataProvLoginTest" name="log" time="7.830"/>
</testsuite> <!-- digi.DataProvLoginTest -->
