<?xml version="1.0" encoding="UTF-8"?>
<!-- Generated by org.testng.reporters.JUnitReportReporter -->
<testsuite hostname="DELL" failures="0" tests="2" name="testscripts.BooksTest" time="10.328" errors="0" timestamp="2024-04-15T14:03:44 IST" skipped="0">
  <testcase classname="testscripts.BooksTest" name="book_002" time="5.083">
    <system-out>
      <![CDATA[Succesfull]]>
    </system-out>
  </testcase> <!-- book_002 -->
  <testcase classname="testscripts.BooksTest" name="book_001" time="5.245">
    <system-out>
      <![CDATA[Testcase is completed]]>
    </system-out>
  </testcase> <!-- book_001 -->
  <system-out>
    <![CDATA[database connection successfull
Before test
Browser Launched
Before method
Testcase is completed
After method
Before method
Succesfull
After method
Browser closed
After test
After Suite]]>
  </system-out>
</testsuite> <!-- testscripts.BooksTest -->
