<?xml version="1.0" encoding="UTF-8"?>
<!-- Generated by org.testng.reporters.JUnitReportReporter -->
<testsuite hostname="DELL" failures="0" tests="1" name="testscripts.AddtocartTest" time="5.546" errors="0" timestamp="2024-04-14T18:47:07 IST" skipped="0">
  <testcase classname="testscripts.AddtocartTest" name="addtocart" time="5.546"/>
  <system-out>
    <![CDATA[database connection successfull
Before test
Browser Launched
Before method
After method
Browser closed
After test
After Suite]]>
  </system-out>
</testsuite> <!-- testscripts.AddtocartTest -->
