<?xml version="1.0" encoding="UTF-8"?>
<!-- Generated by org.testng.reporters.JUnitReportReporter -->
<testsuite hostname="DELL" failures="0" tests="1" name="assertions.LogoTest" time="5.481" errors="0" timestamp="2024-03-30T14:22:55 IST" skipped="0">
  <testcase classname="assertions.LogoTest" name="logo_001" time="5.481">
    <system-out>
      <![CDATA[Testcase done]]>
    </system-out>
  </testcase> <!-- logo_001 -->
  <system-out>
    <![CDATA[Testcase done]]>
  </system-out>
</testsuite> <!-- assertions.LogoTest -->
