<?xml version="1.0" encoding="UTF-8"?>
<!-- Generated by org.testng.reporters.JUnitReportReporter -->
<testsuite hostname="DELL" failures="0" tests="3" name="digi.DemoTest" time="24.204" errors="0" timestamp="2024-04-01T11:13:47 IST" skipped="0">
  <testcase classname="digi.DemoTest" name="Base_001" time="11.088">
    <system-out>
      <![CDATA[Register]]>
    </system-out>
  </testcase> <!-- Base_001 -->
  <testcase classname="digi.DemoTest" name="Base_002" time="2.097">
    <system-out>
      <![CDATA[Smoke RT add to cart]]>
    </system-out>
  </testcase> <!-- Base_002 -->
  <testcase classname="digi.DemoTest" name="Base_001" time="11.019">
    <system-out>
      <![CDATA[Register]]>
    </system-out>
  </testcase> <!-- Base_001 -->
  <system-out>
    <![CDATA[Register
Register
Smoke RT add to cart]]>
  </system-out>
</testsuite> <!-- digi.DemoTest -->
