<?xml version="1.0" encoding="UTF-8"?>
<!-- Generated by org.testng.reporters.JUnitReportReporter -->
<testsuite hostname="DELL" failures="0" tests="3" name="testscripts.BkTest" time="10.643" errors="0" timestamp="2024-04-16T12:53:00 IST" skipped="1">
  <testcase classname="testscripts.BkTest" name="book_002" time="6.360"/>
  <testcase classname="testscripts.BkTest" name="book_001" time="4.283"/>
  <testcase classname="testscripts.BkTest" name="book_003">
    <skipped/>
  </testcase> <!-- book_003 -->
  <system-out>
    <![CDATA[database connection successfull
Before test
Browser Launched
Before method
After method
Before method
After method
Browser closed
After test
After Suite]]>
  </system-out>
</testsuite> <!-- testscripts.BkTest -->
